\BOOKMARK [0][-]{Doc-Start}{PLAGIARISM\040DECLARATION}{}% 1
\BOOKMARK [0][-]{Doc-Start}{ABSTRACT}{}% 2
\BOOKMARK [0][-]{Doc-Start}{GLOSSARY}{}% 3
\BOOKMARK [0][-]{Item.4}{LIST\040OF\040FIGURES}{}% 4
\BOOKMARK [0][-]{chapter*.1}{Introduction}{}% 5
\BOOKMARK [1][-]{section.0.1}{Overview}{chapter*.1}% 6
\BOOKMARK [0][-]{chapter*.2}{General\040Description}{}% 7
\BOOKMARK [1][-]{section.0.2}{Product\040/\040System\040Functions}{chapter*.2}% 8
\BOOKMARK [1][-]{section.0.3}{User\040Characteristics\040and\040Objectives}{chapter*.2}% 9
\BOOKMARK [1][-]{section.0.4}{Operational\040Scenarios}{chapter*.2}% 10
\BOOKMARK [1][-]{section.0.5}{Constraints}{chapter*.2}% 11
\BOOKMARK [0][-]{chapter*.3}{Functional\040Requirements}{}% 12
\BOOKMARK [1][-]{section.0.6}{Data\040Transfer}{chapter*.3}% 13
\BOOKMARK [1][-]{section.0.7}{Hand\040Tracking}{chapter*.3}% 14
\BOOKMARK [1][-]{section.0.8}{Finger\040Tracking}{chapter*.3}% 15
\BOOKMARK [1][-]{section.0.9}{Gesture\040Recognition}{chapter*.3}% 16
\BOOKMARK [0][-]{chapter*.4}{System\040Architecture}{}% 17
\BOOKMARK [1][-]{section.0.10}{Arduino}{chapter*.4}% 18
\BOOKMARK [1][-]{section.0.11}{Flex\040sensor\040Array}{chapter*.4}% 19
\BOOKMARK [1][-]{section.0.12}{IMU}{chapter*.4}% 20
\BOOKMARK [1][-]{section.0.13}{Macro\040Database}{chapter*.4}% 21
\BOOKMARK [0][-]{chapter*.5}{High-Level\040Design}{}% 22
\BOOKMARK [0][-]{chapter*.6}{Preliminary\040Schedule}{}% 23
\BOOKMARK [1][-]{section.0.14}{Major\040Tasks}{chapter*.6}% 24
\BOOKMARK [1][-]{section.0.15}{Hardware\040Requirements}{chapter*.6}% 25
\BOOKMARK [1][-]{section.0.16}{Software/\040Wetware\040Requirements}{chapter*.6}% 26
\BOOKMARK [1][-]{section.0.17}{Gantt\040Chart}{chapter*.6}% 27
