This is XeTeX, Version 3.14159265-2.6-0.999992 (TeX Live 2020/Arch Linux) (preloaded format=xelatex 2020.10.21)  6 NOV 2020 11:59
entering extended mode
 restricted \write18 enabled.
 %&-line parsing enabled.
**q
(/usr/share/texmf-dist/tex/latex/tools/q.tex
LaTeX2e <2020-02-02> patch level 5
L3 programming layer <2020-06-03> File ignored
)
! Emergency stop.
<*> q
     
*** (job aborted, no legal \end found)

 
Here is how much of TeX's memory you used:
 16 strings out of 479284
 385 string characters out of 5886219
 244941 words of memory out of 5000000
 17772 multiletter control sequences out of 15000+600000
 532338 words of font info for 24 fonts, out of 8000000 for 9000
 1348 hyphenation exceptions out of 8191
 12i,0n,15p,81b,8s stack positions out of 5000i,500n,10000p,200000b,80000s
No pages of output.
